Case #1:
1
1
1
1
1
0.200000626
1
1
1
Case #2:
1
1
1
1
1
1
1
1
1
Case #3:
1
1
1
1
1
1
1
1
1
1
Case #4:
1
1
1
1
1
1
1
1
Case #5:
1
1
inf
Case #6:
1
1
1
1
1
1
0.100776493
1
1
1
Case #7:
1
1
1
1
1
1
1
1
Case #8:
1
1
Case #9:
4200642
Case #10:
1
1
1
1
1
1
1
1
1
1
Case #11:
1
1
3.35703604e-13
Case #12:
1
1
1
1
1
1
1
1
1
1
Case #13:
1
1
1
Case #14:
1
1
1
1
1
1
1
1
Case #15:
1
1
1
1.60730373e-09
1
1
1
Case #16:
-7.48106299e-13
1
1
1
1
1
1
Case #17:
1
1
1
1
1
1
1
1
1
Case #18:
1
1
1
1
1
1
1
1
1
-4.90962178e-05
Case #19:
1
1
1
1
1
1
1
1
Case #20:
-8.53608592e-13
1
1
1
Case #21:
1
1
1
Case #22:
1
11805.9905
1
1
14909.9367
1
Case #23:
1
1
1
1
1
1
1
1.60076482e-05
1
1
Case #24:
1
1
1
1
1
1
Case #25:
1
1
1
1
1
1
1
Case #26:
1
1
1
1
1
1
1
1
1
1
Case #27:
1
1
1
1
1
1
1
1
1
1
Case #28:
1
9183260.26
1
1
1
1
1
1
1
1
Case #29:
0.00841999613
1
0.00841999613
Case #30:
1
1
1
1
1
1
1
Case #31:
4200642
4200642
4200642
4200642
4200642
4200642
4200642
4200642
4200642
Case #32:
1
1
1
1
1
1.75910952e+13
Case #33:
1
Case #34:
0.00553808083
0.00632243315
1
1
0.00553808083
0.00632243315
0.00632243315
0.00553808083
Case #35:
1
1
8.94676423e-10
1
1
1
8.94676423e-10
Case #36:
1
1
1
Case #37:
1
1
1
Case #38:
4200642
4200642
4200642
4200642
Case #39:
1
1
1
1
1
1
2.46194061e-12
Case #40:
1
1
1
1
1
1
Case #41:
1
1
6.51522045e+11
inf
6.51522045e+11
inf
1
Case #42:
1
45.7401919
Case #43:
1
1
1
1
1
Case #44:
1
1
1
Case #45:
1
1
Case #46:
2.25
Case #47:
1
Case #48:
4200642
4200642
4200642
4200642
4200642
4200642
4200642
4200642
4200642
Case #49:
-6.5023583e-05
1
1
1
1
1
1
-1.69316789e-05
1
1
Case #50:
1
1
1
1
Case #51:
1
0.00535632237
1
0.00430153982
1
0.00430153982
Case #52:
1
1
0.214285714
1
0.142857143
1
1
0.214285714
0.75
Case #53:
8.20516272e-11
1.11199792e-08
1
1
1
8.20516272e-11
1
1
1.11199792e-08
Case #54:
4200642
4200642
4200642
4200642
4200642
4200642
4200642
4200642
4200642
4200642
Case #55:
1
1
1
1
1
1
1
1
1
1
Case #56:
-7.17935753e-12
1
1
1.33582079e-11
1
1
1
Case #57:
-3.61746248e-12
1
1
1
1
1
1
1
1
1
Case #58:
1050160.5
1
Case #59:
2.4674332e-09
4.60534417e-10
1
1
1
1
1
1
1
Case #60:
1
-8.4682362e-13
1
1
1
Case #61:
1
1
Case #62:
4200642
4200642
4200642
4200642
4200642
4200642
4200642
4200642
4200642
Case #63:
1
1
1
1
1
1
1
1
1
1
Case #64:
1
1
Case #65:
1
Case #66:
4200642
4200642
4200642
Case #67:
1
1
1
1
1
1
1
1
1
1
Case #68:
1
-1.62940415e-05
3061086.75
1
Case #69:
1
Case #70:
1
1
1
1
1
1
1
1
1
1.60492069e-05
Case #71:
1
1
1
1
1
1
1
1
1
1
Case #72:
-4.46561146e-05
1
-4.98537134e-05
1
1
1
1
1
Case #73:
1
Case #74:
1
1
1
1
1
1
1
1
1
5.03102653e-05
Case #75:
1
-5.40701048e-13
1
1
1
1
-1.96442456e-12
Case #76:
1
1
1
1
Case #77:
4200642
4200642
4200642
4200642
4200642
4200642
4200642
4200642
Case #78:
1
Case #79:
1
-2.0383343e-12
1
1
1
1
Case #80:
1
42.2259952
1
1
Case #81:
1
1
1
1
1.75910952e+13
1
1
1
1
1
Case #82:
1
1
1
1.75643784e-05
1
1
1
1
1
1
Case #83:
1
Case #84:
1
1
1
1
1
Case #85:
1
1
1
1
1
1
3.51320738e-05
-5.8532143e-05
1
1
Case #86:
1
1.66089289e-05
1
1
-4.20205332e-05
1
1
1
Case #87:
1.4925897e-08
1
1
1
1
1
1
-7.79177079e-13
1
1
Case #88:
1
0.000145723241
1
1
1
1.68356459e-05
1.55875814e-05
1
1
1
Case #89:
1
1
1
1
1
1
1
1
1
1
Case #90:
1
1
2.20367559e-05
1
-2.14562091e-05
4.06200752e-05
1
Case #91:
1
Case #92:
1
1
1
Case #93:
1
1
1
1
1
0.03125
Case #94:
1
1
1
1
-1.57298633e-05
0.00938515679
1
1
1
1
Case #95:
75.5851012
Case #96:
1
1
1
1
1
-1.00439173e-12
1
1
Case #97:
1
1
Case #98:
1
1
9.79393863e-05
33498824.2
Case #99:
1
0.000145525594
1
1
0.000145525594
1
2.9851794e-09
1
1
1
Case #100:
1
1
1
1
1
1
1
1
1
1
